Using a slow image processor as `use_fast` is unset and a slow processor was saved with this model. `use_fast=True` will be the default behavior in v4.52, even if the model was saved with a slow processor. This will result in minor differences in outputs. You'll still be able to use a slow processor with `use_fast=False`.
`torch_dtype` is deprecated! Use `dtype` instead!
Loading checkpoint shards:   0%|          | 0/4 [00:00<?, ?it/s]Loading checkpoint shards:  25%|██▌       | 1/4 [00:00<00:02,  1.20it/s]Loading checkpoint shards:  50%|█████     | 2/4 [00:01<00:01,  1.33it/s]Loading checkpoint shards:  75%|███████▌  | 3/4 [00:02<00:00,  1.36it/s]Loading checkpoint shards: 100%|██████████| 4/4 [00:02<00:00,  1.74it/s]
Baseline Frame 0 processed. cache_patches=784 time=0.590s
Baseline Frame 1 processed. cache_patches=784 time=0.118s
Baseline Frame 2 processed. cache_patches=784 time=0.179s
Baseline Frame 3 processed. cache_patches=784 time=0.081s
Baseline Frame 4 processed. cache_patches=784 time=0.080s
Baseline Frame 5 processed. cache_patches=784 time=0.078s
Baseline Frame 6 processed. cache_patches=784 time=0.079s
Baseline Frame 7 processed. cache_patches=784 time=0.078s
Baseline Frame 8 processed. cache_patches=784 time=0.079s
Baseline Frame 9 processed. cache_patches=784 time=0.078s
Baseline Frame 10 processed. cache_patches=784 time=0.079s
Baseline Frame 11 processed. cache_patches=784 time=0.078s
Baseline Frame 12 processed. cache_patches=784 time=0.079s
Baseline Frame 13 processed. cache_patches=784 time=0.078s
Baseline Frame 14 processed. cache_patches=784 time=0.078s
Baseline Frame 15 processed. cache_patches=784 time=0.078s
Baseline Frame 16 processed. cache_patches=784 time=0.079s
Baseline Frame 17 processed. cache_patches=784 time=0.078s
Baseline Frame 18 processed. cache_patches=784 time=0.079s
Baseline Frame 19 processed. cache_patches=784 time=0.078s
Baseline Frame 20 processed. cache_patches=784 time=0.079s
Baseline Frame 21 processed. cache_patches=784 time=0.078s
Baseline Frame 22 processed. cache_patches=784 time=0.079s
Baseline Frame 23 processed. cache_patches=784 time=0.078s
Baseline Frame 24 processed. cache_patches=784 time=0.079s
Baseline Frame 25 processed. cache_patches=784 time=0.078s
Baseline Frame 26 processed. cache_patches=784 time=0.079s
Baseline Frame 27 processed. cache_patches=784 time=0.079s
Baseline Frame 28 processed. cache_patches=784 time=0.079s
Baseline Frame 29 processed. cache_patches=784 time=0.078s
Baseline Frame 30 processed. cache_patches=784 time=0.079s
Baseline Frame 31 processed. cache_patches=784 time=0.079s
Baseline Frame 32 processed. cache_patches=784 time=0.079s
Baseline Frame 33 processed. cache_patches=784 time=0.079s
Baseline Frame 34 processed. cache_patches=784 time=0.079s
Baseline Frame 35 processed. cache_patches=784 time=0.078s
Baseline Frame 36 processed. cache_patches=784 time=0.079s
Baseline Frame 37 processed. cache_patches=784 time=0.079s
Baseline Frame 38 processed. cache_patches=784 time=0.079s
Baseline Frame 39 processed. cache_patches=784 time=0.079s
Baseline Frame 40 processed. cache_patches=784 time=0.079s
Baseline Frame 41 processed. cache_patches=784 time=0.079s
Baseline Frame 42 processed. cache_patches=784 time=0.079s
Baseline Frame 43 processed. cache_patches=784 time=0.078s
Baseline Frame 44 processed. cache_patches=784 time=0.079s
Baseline Frame 45 processed. cache_patches=784 time=0.079s
Baseline Frame 46 processed. cache_patches=784 time=0.079s
Baseline Frame 47 processed. cache_patches=784 time=0.078s
Baseline Frame 48 processed. cache_patches=784 time=0.079s
Baseline Frame 49 processed. cache_patches=784 time=0.078s
Baseline Frame 50 processed. cache_patches=784 time=0.081s
Baseline Frame 51 processed. cache_patches=784 time=0.079s
Baseline Frame 52 processed. cache_patches=784 time=0.079s
Baseline Frame 53 processed. cache_patches=784 time=0.079s
Baseline Frame 54 processed. cache_patches=784 time=0.079s
Baseline Frame 55 processed. cache_patches=784 time=0.078s
Baseline Frame 56 processed. cache_patches=784 time=0.079s
Baseline Frame 57 processed. cache_patches=784 time=0.078s
Baseline Frame 58 processed. cache_patches=784 time=0.079s
Baseline Frame 59 processed. cache_patches=784 time=0.079s
Baseline Frame 60 processed. cache_patches=784 time=0.078s
Baseline Frame 61 processed. cache_patches=784 time=0.079s
Baseline Frame 62 processed. cache_patches=784 time=0.079s
Baseline Frame 63 processed. cache_patches=784 time=0.078s
Baseline Frame 64 processed. cache_patches=784 time=0.079s
Baseline Frame 65 processed. cache_patches=784 time=0.078s
Baseline Frame 66 processed. cache_patches=784 time=0.079s
Baseline Frame 67 processed. cache_patches=784 time=0.078s
Baseline Frame 68 processed. cache_patches=784 time=0.078s
Baseline Frame 69 processed. cache_patches=784 time=0.078s
Baseline Frame 70 processed. cache_patches=784 time=0.078s
Baseline Frame 71 processed. cache_patches=784 time=0.078s
Baseline Frame 72 processed. cache_patches=784 time=0.079s
Baseline Frame 73 processed. cache_patches=784 time=0.078s
Baseline Frame 74 processed. cache_patches=784 time=0.079s
Baseline Frame 75 processed. cache_patches=784 time=0.079s
Baseline Frame 76 processed. cache_patches=784 time=0.079s
Baseline Frame 77 processed. cache_patches=784 time=0.079s
Baseline Frame 78 processed. cache_patches=784 time=0.079s
Baseline Frame 79 processed. cache_patches=784 time=0.079s
Baseline Frame 80 processed. cache_patches=784 time=0.079s
Baseline Frame 81 processed. cache_patches=784 time=0.079s
Baseline Frame 82 processed. cache_patches=784 time=0.079s
Baseline Frame 83 processed. cache_patches=784 time=0.079s
Baseline Frame 84 processed. cache_patches=784 time=0.079s
Baseline Frame 85 processed. cache_patches=784 time=0.078s
Baseline Frame 86 processed. cache_patches=784 time=0.079s
Baseline Frame 87 processed. cache_patches=784 time=0.079s
Baseline Frame 88 processed. cache_patches=784 time=0.079s
Baseline Frame 89 processed. cache_patches=784 time=0.079s
Baseline Frame 90 processed. cache_patches=784 time=0.079s
Baseline Frame 91 processed. cache_patches=784 time=0.079s
Baseline Frame 92 processed. cache_patches=784 time=0.079s
Baseline Frame 93 processed. cache_patches=784 time=0.078s
Baseline Frame 94 processed. cache_patches=784 time=0.079s
Baseline Frame 95 processed. cache_patches=784 time=0.079s
Baseline Frame 96 processed. cache_patches=784 time=0.079s
Baseline Frame 97 processed. cache_patches=784 time=0.079s
Baseline Frame 98 processed. cache_patches=784 time=0.079s
Baseline Frame 99 processed. cache_patches=784 time=0.079s
Baseline test complete. Results saved to results/baseline.json
